2025-06-15 12:25:26,594 - INFO - Starting corpus extraction from: c:\Users\nguyenphong\Downloads\study master\NLP\06.Minh Sử_MinhNguyen\06.Minh Sử\白话资治通鉴01—周威烈王二十三年.至.汉惠帝七_djvu.txt
2025-06-15 12:25:26,611 - INFO - Read file: 383,925 characters
2025-06-15 12:25:26,611 - INFO - Extracted metadata: {'title': '白话资治通鉴', 'volume': '第01册', 'period': '周威烈王二十三年.至.汉惠帝七', 'editors': '', 'publisher': '中华书局出版', 'publication_date': '1993年3月第1版', 'source': '白话资治通鉴djvu扫描版'}
2025-06-15 12:25:26,640 - WARNING - No clear chapter boundaries found, creating sections by content length
2025-06-15 12:25:26,641 - INFO - Extracted 12 chapters
2025-06-15 12:25:26,647 - INFO - Saved chapter: 01_白话资治通鉴__沈志华_中华书局.txt (8522 characters)
2025-06-15 12:25:26,649 - INFO - Saved chapter: 01_白话资治通鉴_好国家不信任权谋日益泛滥而国家不免前弱_沈志华_中华书局.txt (3295 characters)
2025-06-15 12:25:26,654 - INFO - Saved chapter: 01_白话资治通鉴_权称作王决定国家利害称作王控制生杀大_沈志华_中华书局.txt (23406 characters)
2025-06-15 12:25:26,659 - INFO - Saved chapter: 01_白话资治通鉴_秦纪一秦昭襄王五十二年丙午公元前_沈志华_中华书局.txt (22747 characters)
2025-06-15 12:25:26,664 - INFO - Saved chapter: 01_白话资治通鉴_要了人解的陛下想听我说吗赢政道_沈志华_中华书局.txt (21330 characters)
2025-06-15 12:25:26,669 - INFO - Saved chapter: 01_白话资治通鉴__沈志华_中华书局.txt (22983 characters)
2025-06-15 12:25:26,674 - INFO - Saved chapter: 01_白话资治通鉴_相信率军返回邯郸请求增援兵力尚未到_沈志华_中华书局.txt (22260 characters)
2025-06-15 12:25:26,679 - INFO - Saved chapter: 01_白话资治通鉴_问不乐颇觉奇怪便询问占梦的人占梦人_沈志华_中华书局.txt (24383 characters)
2025-06-15 12:25:26,683 - INFO - Saved chapter: 01_白话资治通鉴__沈志华_中华书局.txt (3928 characters)
2025-06-15 12:25:26,686 - INFO - Saved chapter: 01_白话资治通鉴_太公项伯说天下的事情不可预料况且_沈志华_中华书局.txt (10465 characters)
2025-06-15 12:25:26,691 - INFO - Saved chapter: 01_白话资治通鉴_这个样能率领多少兵呀韩信说陛下不过_沈志华_中华书局.txt (20518 characters)
2025-06-15 12:25:26,695 - INFO - Saved chapter: 01_白话资治通鉴_当时高祖本已有诛杀韩信的念头了只是力_沈志华_中华书局.txt (15271 characters)
2025-06-15 12:25:26,696 - INFO - Created summary file: ming_history_txt_files\corpus_summary.txt
2025-06-15 12:25:26,696 - INFO - Successfully extracted corpus: 13 files created
2025-06-15 12:35:05,657 - INFO - Starting corpus extraction from: c:\Users\nguyenphong\Downloads\study master\NLP\06.Minh Sử_MinhNguyen\06.Minh Sử\白话资治通鉴01—周威烈王二十三年.至.汉惠帝七_djvu.txt
2025-06-15 12:35:05,683 - INFO - Read file: 383,925 characters
2025-06-15 12:35:05,685 - INFO - Extracted metadata: {'title': '白话资治通鉴', 'volume': '第01册', 'period': '周威烈王二十三年.至.汉惠帝七', 'editors': '', 'publisher': '中华书局出版', 'publication_date': '1993年3月第1版', 'source': '白话资治通鉴djvu扫描版'}
2025-06-15 12:35:05,715 - WARNING - Only found 0 chapters with patterns, using fallback method
2025-06-15 12:35:05,728 - INFO - Extracted 219 chapters
2025-06-15 12:35:05,729 - INFO - Saved chapter: 01_第三卷周戎王五年前31051.txt (1288 characters)
2025-06-15 12:35:05,729 - INFO - Saved chapter: 02_52第三卷周融王五年前310.txt (1317 characters)
2025-06-15 12:35:05,735 - INFO - Saved chapter: 03_第三卷辕屯王六年前30953.txt (1166 characters)
2025-06-15 12:35:05,736 - INFO - Saved chapter: 04_54第三卷周顾王八年前307.txt (1251 characters)
2025-06-15 12:35:05,737 - INFO - Saved chapter: 05_第三卷周地王九年前30655.txt (2205 characters)
2025-06-15 12:35:05,738 - INFO - Saved chapter: 06_第三卷周荫王十五年前30057.txt (1196 characters)
2025-06-15 12:35:05,739 - INFO - Saved chapter: 07_58第三卷周融王十七年前298.txt (1266 characters)
2025-06-15 12:35:05,739 - INFO - Saved chapter: 08_第三卷周地王十七年前29859.txt (1311 characters)
2025-06-15 12:35:05,741 - INFO - Saved chapter: 09_60第三卷周坡王十七年前298.txt (341 characters)
2025-06-15 12:35:05,741 - INFO - Saved chapter: 10_周纪四.txt (801 characters)
2025-06-15 12:35:05,743 - INFO - Saved chapter: 11_62第四卷周报王二十年前295.txt (1310 characters)
2025-06-15 12:35:05,745 - INFO - Saved chapter: 12_第四卷周地王二十一年前294.txt (1222 characters)
2025-06-15 12:35:05,746 - INFO - Saved chapter: 13_64第四卷周靶王二十四年前291.txt (1098 characters)
2025-06-15 12:35:05,747 - INFO - Saved chapter: 14_第四卷周报王二十八年前28765.txt (1163 characters)
2025-06-15 12:35:05,748 - INFO - Saved chapter: 15_66第四卷周袁王三十一年前284.txt (1295 characters)
2025-06-15 12:35:05,749 - INFO - Saved chapter: 16_第四卷周报王三十一年前28467.txt (1229 characters)
2025-06-15 12:35:05,750 - INFO - Saved chapter: 17_68第四卷周荫王三十一年前284.txt (1204 characters)
2025-06-15 12:35:05,751 - INFO - Saved chapter: 18_第四卷周报王三十二年前28369.txt (140 characters)
2025-06-15 12:35:05,754 - INFO - Saved chapter: 19_70第四卷周厄主三十二年前283.txt (1297 characters)
2025-06-15 12:35:05,755 - INFO - Saved chapter: 20_第四卷周屯王三十三年前28271.txt (1133 characters)
2025-06-15 12:35:05,757 - INFO - Saved chapter: 21_72第四卷周地王三十六年前279.txt (1365 characters)
2025-06-15 12:35:05,758 - INFO - Saved chapter: 22_第四卷周起王三十六年前27973.txt (1366 characters)
2025-06-15 12:35:05,759 - INFO - Saved chapter: 23_74第四卷周划王三十六年前279.txt (1333 characters)
2025-06-15 12:35:05,761 - INFO - Saved chapter: 24_第四卷周报王三十六年前27975.txt (1275 characters)
2025-06-15 12:35:05,763 - INFO - Saved chapter: 25_76第四卷周厄王三十六年前27.txt (1344 characters)
2025-06-15 12:35:05,764 - INFO - Saved chapter: 26_第四卷周破王三十六年前279.txt (1407 characters)
2025-06-15 12:35:05,766 - INFO - Saved chapter: 27_78第四卷周玻王三十七年前278.txt (1309 characters)
2025-06-15 12:35:05,767 - INFO - Saved chapter: 28_第四卷周报王三十八年前27779.txt (1041 characters)
2025-06-15 12:35:05,768 - INFO - Saved chapter: 29_80第四卷周报王四十二年前273.txt (1335 characters)
2025-06-15 12:35:05,769 - INFO - Saved chapter: 30_第四卷周屯王四十二年前27381.txt (1398 characters)
2025-06-15 12:35:05,770 - INFO - Saved chapter: 31_82第四卷周报王四十二年前273.txt (758 characters)
2025-06-15 12:35:05,772 - INFO - Saved chapter: 32_周纪五.txt (898 characters)
2025-06-15 12:35:05,773 - INFO - Saved chapter: 33_84第五卷周融王四十五年前270.txt (237 characters)
2025-06-15 12:35:05,774 - INFO - Saved chapter: 34_第五卷周厅王四十五年前27085.txt (1346 characters)
2025-06-15 12:35:05,775 - INFO - Saved chapter: 35_86第五卷周琉王四十六年前269.txt (1247 characters)
2025-06-15 12:35:05,777 - INFO - Saved chapter: 36_第五卷周玻王四十九年前26687.txt (516 characters)
2025-06-15 12:35:05,778 - INFO - Saved chapter: 37_88第五卷周部王五十年前265.txt (1161 characters)
2025-06-15 12:35:05,779 - INFO - Saved chapter: 38_第五卷周起王五十一年前264.txt (1232 characters)
2025-06-15 12:35:05,780 - INFO - Saved chapter: 39_90第五卷周攻王五十二年前263.txt (1174 characters)
2025-06-15 12:35:05,781 - INFO - Saved chapter: 40_第五卷周坡王五十五年前260.txt (1337 characters)
2025-06-15 12:35:05,782 - INFO - Saved chapter: 41_92第五卷周起王五十五年前2.txt (1367 characters)
2025-06-15 12:35:05,783 - INFO - Saved chapter: 42_第五卷周闻王五十五年前26093.txt (1323 characters)
2025-06-15 12:35:05,785 - INFO - Saved chapter: 43_94第五卷周节王五十六年前259.txt (1329 characters)
2025-06-15 12:35:05,786 - INFO - Saved chapter: 44_第五卷周报王五十六年前25995.txt (1360 characters)
2025-06-15 12:35:05,787 - INFO - Saved chapter: 45_96第五卷周坡王五十六年前259.txt (1385 characters)
2025-06-15 12:35:05,788 - INFO - Saved chapter: 46_第五卷周节王五十七年前25897.txt (1283 characters)
2025-06-15 12:35:05,789 - INFO - Saved chapter: 47_98第五卷周融王五十七年前2.txt (1337 characters)
2025-06-15 12:35:05,790 - INFO - Saved chapter: 48_第五卷周乡王五十七年前25899.txt (1414 characters)
2025-06-15 12:35:05,790 - INFO - Saved chapter: 49_100第五卷周靶王五十七年前2.txt (1354 characters)
2025-06-15 12:35:05,791 - INFO - Saved chapter: 50_第五卷周厄王五十七年前258.txt (1380 characters)
2025-06-15 12:35:05,793 - INFO - Saved chapter: 51_102第五卷周臣王五十八年前257.txt (1210 characters)
2025-06-15 12:35:05,794 - INFO - Saved chapter: 52_第五卷周坡王五十八年前257.txt (1338 characters)
2025-06-15 12:35:05,795 - INFO - Saved chapter: 53_104第五卷周地王五十九年前256.txt (1271 characters)
2025-06-15 12:35:05,795 - INFO - Saved chapter: 54_第五卷周起王五十九年前256.txt (340 characters)
2025-06-15 12:35:05,796 - INFO - Saved chapter: 55_秦纪一.txt (978 characters)
2025-06-15 12:35:05,797 - INFO - Saved chapter: 56_第六卷秦昭惠王五十二年前25.txt (1375 characters)
2025-06-15 12:35:05,798 - INFO - Saved chapter: 57_108第六卷秦昭襄王五十二年前2.txt (1362 characters)
2025-06-15 12:35:05,799 - INFO - Saved chapter: 58_第六卷秦昭襄王五十二年前255.txt (1331 characters)
2025-06-15 12:35:05,800 - INFO - Saved chapter: 59_110第六卷秦昭襄王五十二年前255.txt (1368 characters)
2025-06-15 12:35:05,802 - INFO - Saved chapter: 60_第六卷秦昭衷王五十二年前255.txt (1347 characters)
2025-06-15 12:35:05,803 - INFO - Saved chapter: 61_112第六卷秦昭训王五十二年前2.txt (1337 characters)
2025-06-15 12:35:05,804 - INFO - Saved chapter: 62_第六卷秦昭囊王五十三年前254.txt (2381 characters)
2025-06-15 12:35:05,805 - INFO - Saved chapter: 63_第六卷秦庄囊王元年前249115.txt (1091 characters)
2025-06-15 12:35:05,806 - INFO - Saved chapter: 64_116第六卷秦庄襄王三年前247.txt (1232 characters)
2025-06-15 12:35:05,806 - INFO - Saved chapter: 65_第六卷秦庄圳王三年前247117.txt (1371 characters)
2025-06-15 12:35:05,807 - INFO - Saved chapter: 66_118第六卷秦始皇帝元年前246.txt (1194 characters)
2025-06-15 12:35:05,808 - INFO - Saved chapter: 67_第六卷秦始皇帝三年前244119.txt (1265 characters)
2025-06-15 12:35:05,810 - INFO - Saved chapter: 68_120第六卷秦始皇帝三年前244.txt (1394 characters)
2025-06-15 12:35:05,811 - INFO - Saved chapter: 69_第六卷秦始皇帝四年前243121.txt (1070 characters)
2025-06-15 12:35:05,812 - INFO - Saved chapter: 70_122第六卷秦始皇帝六年前241.txt (1015 characters)
2025-06-15 12:35:05,813 - INFO - Saved chapter: 71_第六卷秦始皇帝九年前238123.txt (1279 characters)
2025-06-15 12:35:05,814 - INFO - Saved chapter: 72_124第六卷秦始皇帝九年前238.txt (1387 characters)
2025-06-15 12:35:05,814 - INFO - Saved chapter: 73_第六卷秦始皇帝九年前238125.txt (1351 characters)
2025-06-15 12:35:05,815 - INFO - Saved chapter: 74_126第六卷秦始皇帝十年前237.txt (1219 characters)
2025-06-15 12:35:05,816 - INFO - Saved chapter: 75_第六卷秦始皇帝十一年前236127.txt (1288 characters)
2025-06-15 12:35:05,816 - INFO - Saved chapter: 76_128第六卷秦始皇帝十二年前235.txt (1194 characters)
2025-06-15 12:35:05,817 - INFO - Saved chapter: 77_第六卷秦始皇帝十四年前233129.txt (1280 characters)
2025-06-15 12:35:05,818 - INFO - Saved chapter: 78_130第六卷秦始皇帝十五年前232.txt (1156 characters)
2025-06-15 12:35:05,819 - INFO - Saved chapter: 79_第六卷秦始皇帝十七年前23013.txt (1034 characters)
2025-06-15 12:35:05,819 - INFO - Saved chapter: 80_132第六卷秦始皇帝十九年前228.txt (1345 characters)
2025-06-15 12:35:05,820 - INFO - Saved chapter: 81_第六卷秦始皇帝十九年前228133.txt (887 characters)
2025-06-15 12:35:05,822 - INFO - Saved chapter: 82_秦纪二.txt (964 characters)
2025-06-15 12:35:05,822 - INFO - Saved chapter: 83_第七卷秦始皇帝二十二年前22513.txt (1217 characters)
2025-06-15 12:35:05,823 - INFO - Saved chapter: 84_136第七卷秦始皇帝二十三年前22.txt (1216 characters)
2025-06-15 12:35:05,824 - INFO - Saved chapter: 85_第七卷秦始皇帝二十五年前22213.txt (1174 characters)
2025-06-15 12:35:05,825 - INFO - Saved chapter: 86_138第七卷秦始皇帝二十五年前222.txt (1256 characters)
2025-06-15 12:35:05,826 - INFO - Saved chapter: 87_第七卷秦始皇帝二十六年前22113.txt (1237 characters)
2025-06-15 12:35:05,827 - INFO - Saved chapter: 88_140第七卷秦始皇帝二十六年前2.txt (1245 characters)
2025-06-15 12:35:05,828 - INFO - Saved chapter: 89_第七卷秦始皇帝二十七年前22014.txt (1211 characters)
2025-06-15 12:35:05,829 - INFO - Saved chapter: 90_142第七卷秦始皇帝二十九年前21.txt (1198 characters)
2025-06-15 12:35:05,829 - INFO - Saved chapter: 91_第七卷秦始皇帝三十三年前21414.txt (1215 characters)
2025-06-15 12:35:05,830 - INFO - Saved chapter: 92_144第七卷秦始皇帝三十五年前21.txt (1256 characters)
2025-06-15 12:35:05,831 - INFO - Saved chapter: 93_第七卷秦始皇帝三十六年前211.txt (1269 characters)
2025-06-15 12:35:05,831 - INFO - Saved chapter: 94_146第七卷秦始皇帝三十七年前210.txt (1263 characters)
2025-06-15 12:35:05,831 - INFO - Saved chapter: 95_第七卷秦始皇帝三十七年前21014.txt (1370 characters)
2025-06-15 12:35:05,834 - INFO - Saved chapter: 96_148第七卷秦始皇帝三十七年前2.txt (1294 characters)
2025-06-15 12:35:05,835 - INFO - Saved chapter: 97_第七卷秦二世皇帝元年前20914.txt (1180 characters)
2025-06-15 12:35:05,836 - INFO - Saved chapter: 98_150第七卷秦二世皇帝元年前209.txt (1330 characters)
2025-06-15 12:35:05,837 - INFO - Saved chapter: 99_第七卷秦二世皇帝元年前209.txt (1287 characters)
2025-06-15 12:35:05,838 - INFO - Saved chapter: 100_152第七卷秦二世皇帝元年前209.txt (1287 characters)
2025-06-15 12:35:05,838 - INFO - Saved chapter: 101_第七卷秦三志和皇帝元年前20915.txt (1196 characters)
2025-06-15 12:35:05,839 - INFO - Saved chapter: 102_154第七卷秦二世皇帝元年.txt (1316 characters)
2025-06-15 12:35:05,841 - INFO - Saved chapter: 103_第七卷秦二志皇帝元年前209.txt (1216 characters)
2025-06-15 12:35:05,841 - INFO - Saved chapter: 104_156第七卷秦二世皇帝元年前209.txt (1370 characters)
2025-06-15 12:35:05,842 - INFO - Saved chapter: 105_第七卷秦二世皇帝元年前209.txt (1376 characters)
2025-06-15 12:35:05,843 - INFO - Saved chapter: 106_158第七卷秦二世皇帝元年前209.txt (433 characters)
2025-06-15 12:35:05,844 - INFO - Saved chapter: 107_秦纪三.txt (886 characters)
2025-06-15 12:35:05,845 - INFO - Saved chapter: 108_160第八卷内二志和皇帝二年前208.txt (1314 characters)
2025-06-15 12:35:05,845 - INFO - Saved chapter: 109_第八卷秦二世皇帝二年前20816.txt (1258 characters)
2025-06-15 12:35:05,845 - INFO - Saved chapter: 110_162第八卷秦二世皇帝二年前.txt (879 characters)
2025-06-15 12:35:05,845 - INFO - Saved chapter: 111_第八卷秦二世和皇帝二年前2081.txt (1267 characters)
2025-06-15 12:35:05,845 - INFO - Saved chapter: 112_164第八卷秦二世皇帝二年前208.txt (1228 characters)
2025-06-15 12:35:05,845 - INFO - Saved chapter: 113_第八卷秦二世皇帝二年前20816.txt (1331 characters)
2025-06-15 12:35:05,845 - INFO - Saved chapter: 114_166第八卷秦二世皇帝二年前208.txt (1305 characters)
2025-06-15 12:35:05,845 - INFO - Saved chapter: 115_第八卷秦二世皇帝二年前20816.txt (1350 characters)
2025-06-15 12:35:05,851 - INFO - Saved chapter: 116_168第八卷秦二志和皇帝二年前208.txt (1353 characters)
2025-06-15 12:35:05,852 - INFO - Saved chapter: 117_第八卷秦二世皇帝二年前20816.txt (1271 characters)
2025-06-15 12:35:05,853 - INFO - Saved chapter: 118_170第八卷秦二志皇帝二年前208.txt (1256 characters)
2025-06-15 12:35:05,854 - INFO - Saved chapter: 119_第八卷秦二世皇帝三年前20717.txt (1132 characters)
2025-06-15 12:35:05,855 - INFO - Saved chapter: 120_172第八卷秦二世皇帝三年前207.txt (1325 characters)
2025-06-15 12:35:05,856 - INFO - Saved chapter: 121_第八卷秦二世和皇帝三年前2071.txt (1251 characters)
2025-06-15 12:35:05,857 - INFO - Saved chapter: 122_174第八卷秦二世皇帝三年前.txt (1324 characters)
2025-06-15 12:35:05,858 - INFO - Saved chapter: 123_第八卷秦二志和皇帝三年前20717.txt (1311 characters)
2025-06-15 12:35:05,859 - INFO - Saved chapter: 124_176第八卷秦二世和皇帝三年前.txt (1307 characters)
2025-06-15 12:35:05,860 - INFO - Saved chapter: 125_第八卷秦二世皇帝三年前20717.txt (1344 characters)
2025-06-15 12:35:05,861 - INFO - Saved chapter: 126_178第八卷秦二世皇帝三年前207.txt (1304 characters)
2025-06-15 12:35:05,861 - INFO - Saved chapter: 127_第八卷秦二志和皇帝三年前207.txt (1302 characters)
2025-06-15 12:35:05,862 - INFO - Saved chapter: 128_180第八卷秦二世皇帝三年前207.txt (1326 characters)
2025-06-15 12:35:05,863 - INFO - Saved chapter: 129_第八卷秦二世皇帝三年前20718.txt (417 characters)
2025-06-15 12:35:05,863 - INFO - Saved chapter: 130_汉纪一.txt (910 characters)
2025-06-15 12:35:05,863 - INFO - Saved chapter: 131_第九卷汉高帝元年前206183.txt (1345 characters)
2025-06-15 12:35:05,863 - INFO - Saved chapter: 132_184第九卷汉高帝元年前206.txt (1310 characters)
2025-06-15 12:35:05,863 - INFO - Saved chapter: 133_第九卷汉高帝元年前206185.txt (1390 characters)
2025-06-15 12:35:05,868 - INFO - Saved chapter: 134_186第九卷汉高帝元年前206.txt (1400 characters)
2025-06-15 12:35:05,870 - INFO - Saved chapter: 135_第九卷汉高帝元年前206187.txt (1347 characters)
2025-06-15 12:35:05,871 - INFO - Saved chapter: 136_188第九卷汉高帝元年前206.txt (1376 characters)
2025-06-15 12:35:05,873 - INFO - Saved chapter: 137_第九卷汉高帝元年前206189.txt (2610 characters)
2025-06-15 12:35:05,874 - INFO - Saved chapter: 138_第九卷汉高帝元年前206191.txt (1353 characters)
2025-06-15 12:35:05,875 - INFO - Saved chapter: 139_192第九卷汉高帝元年前206.txt (1380 characters)
2025-06-15 12:35:05,876 - INFO - Saved chapter: 140_第九卷汉高帝元年前206193.txt (1370 characters)
2025-06-15 12:35:05,877 - INFO - Saved chapter: 141_194第九卷汉高帝元年前206.txt (1223 characters)
2025-06-15 12:35:05,879 - INFO - Saved chapter: 142_第九卷汉高帝二年前205195.txt (1033 characters)
2025-06-15 12:35:05,880 - INFO - Saved chapter: 143_196第九卷汉高帝二年前205.txt (1318 characters)
2025-06-15 12:35:05,881 - INFO - Saved chapter: 144_第九卷汉高帝二年前205197.txt (1303 characters)
2025-06-15 12:35:05,883 - INFO - Saved chapter: 145_198第九卷汉高帝二年前205.txt (1302 characters)
2025-06-15 12:35:05,884 - INFO - Saved chapter: 146_第九卷汉高帝二年前205199.txt (1274 characters)
2025-06-15 12:35:05,885 - INFO - Saved chapter: 147_200第九卷汉高帝二年前205.txt (1373 characters)
2025-06-15 12:35:05,886 - INFO - Saved chapter: 148_第九卷汉高帝二年前205201.txt (1132 characters)
2025-06-15 12:35:05,887 - INFO - Saved chapter: 149_202第九卷汉高帝二年前205.txt (846 characters)
2025-06-15 12:35:05,888 - INFO - Saved chapter: 150_汉纪二.txt (942 characters)
2025-06-15 12:35:05,889 - INFO - Saved chapter: 151_204第十卷汉高帝三年前204.txt (1373 characters)
2025-06-15 12:35:05,891 - INFO - Saved chapter: 152_第十卷汉高帝三年前204205.txt (1354 characters)
2025-06-15 12:35:05,892 - INFO - Saved chapter: 153_206第十卷汉高帝三年前204.txt (1277 characters)
2025-06-15 12:35:05,893 - INFO - Saved chapter: 154_第十卷汉高帝三年前204207.txt (1380 characters)
2025-06-15 12:35:05,894 - INFO - Saved chapter: 155_208第十卷汉高帝三年前204.txt (1310 characters)
2025-06-15 12:35:05,896 - INFO - Saved chapter: 156_第十卷汉高帝王年前204209.txt (1328 characters)
2025-06-15 12:35:05,897 - INFO - Saved chapter: 157_210第十卷汉高帝三年前204.txt (1249 characters)
2025-06-15 12:35:05,897 - INFO - Saved chapter: 158_第十卷汉高帝三年前204211.txt (1223 characters)
2025-06-15 12:35:05,897 - INFO - Saved chapter: 159_212第十卷汉高帝三年前204.txt (1302 characters)
2025-06-15 12:35:05,901 - INFO - Saved chapter: 160_第十卷汉高帝三年前204213.txt (1345 characters)
2025-06-15 12:35:05,902 - INFO - Saved chapter: 161_214第十卷汉高帝三年前204.txt (212 characters)
2025-06-15 12:35:05,903 - INFO - Saved chapter: 162_第十卷汉高帝三年前204215.txt (1252 characters)
2025-06-15 12:35:05,904 - INFO - Saved chapter: 163_216第十卷汉高帝三年前204.txt (1348 characters)
2025-06-15 12:35:05,905 - INFO - Saved chapter: 164_第十卷汉高帝四年前203217.txt (1236 characters)
2025-06-15 12:35:05,907 - INFO - Saved chapter: 165_218第十卷汉高帝四年前203.txt (1333 characters)
2025-06-15 12:35:05,908 - INFO - Saved chapter: 166_第十卷汉高帝四年前203219.txt (1335 characters)
2025-06-15 12:35:05,908 - INFO - Saved chapter: 167_220第十卷汉高帝四年前203.txt (1285 characters)
2025-06-15 12:35:05,912 - INFO - Saved chapter: 168_第十卷汉高帝四年前203221.txt (1371 characters)
2025-06-15 12:35:05,913 - INFO - Saved chapter: 169_222第十卷汉高帝四年前203.txt (1357 characters)
2025-06-15 12:35:05,914 - INFO - Saved chapter: 170_第十卷汉高帝四年前203223.txt (1225 characters)
2025-06-15 12:35:05,915 - INFO - Saved chapter: 171_224第十卷汉高帝四年前203.txt (387 characters)
2025-06-15 12:35:05,915 - INFO - Saved chapter: 172_汉纪三.txt (972 characters)
2025-06-15 12:35:05,918 - INFO - Saved chapter: 173_226第十一卷汉高帝五年前202.txt (1374 characters)
2025-06-15 12:35:05,918 - INFO - Saved chapter: 174_第十一卷汉高帝五年前202227.txt (1359 characters)
2025-06-15 12:35:05,920 - INFO - Saved chapter: 175_228第十一卷汉高帝五年前202.txt (220 characters)
2025-06-15 12:35:05,921 - INFO - Saved chapter: 176_第十一卷汉高帝五年前202229.txt (1189 characters)
2025-06-15 12:35:05,922 - INFO - Saved chapter: 177_230第十一卷汉高帝五年前202.txt (1291 characters)
2025-06-15 12:35:05,923 - INFO - Saved chapter: 178_第十一卷汉高帝五年前202231.txt (1296 characters)
2025-06-15 12:35:05,924 - INFO - Saved chapter: 179_232第十一卷汉高帝五年前202.txt (1307 characters)
2025-06-15 12:35:05,924 - INFO - Saved chapter: 180_第十一卷汉高帝五年前202233.txt (1384 characters)
2025-06-15 12:35:05,925 - INFO - Saved chapter: 181_234第十一卷汉高帝五年前202.txt (1199 characters)
2025-06-15 12:35:05,926 - INFO - Saved chapter: 182_第十一卷汉高帝六年前201235.txt (1215 characters)
2025-06-15 12:35:05,927 - INFO - Saved chapter: 183_236第十一卷汉高帝六年前20.txt (1302 characters)
2025-06-15 12:35:05,928 - INFO - Saved chapter: 184_第十一卷汉高帝六年前201.txt (66 characters)
2025-06-15 12:35:05,929 - INFO - Saved chapter: 185_238第十一卷汉高帝六年前201.txt (1335 characters)
2025-06-15 12:35:05,929 - INFO - Saved chapter: 186_第十一卷汉高帝六年前2012.txt (1285 characters)
2025-06-15 12:35:05,929 - INFO - Saved chapter: 187_240第十一卷汉高帝六年前201.txt (1226 characters)
2025-06-15 12:35:05,929 - INFO - Saved chapter: 188_第十一卷汉高帝六年前201241.txt (1300 characters)
2025-06-15 12:35:05,929 - INFO - Saved chapter: 189_242第十一卷汉高帝七年前200.txt (1270 characters)
2025-06-15 12:35:05,929 - INFO - Saved chapter: 190_第十一卷汉高帝七年前200243.txt (1245 characters)
2025-06-15 12:35:05,935 - INFO - Saved chapter: 191_244第十一卷汉高帝七年前200.txt (1314 characters)
2025-06-15 12:35:05,936 - INFO - Saved chapter: 192_第十一卷汉高帝七年前200245.txt (1310 characters)
2025-06-15 12:35:05,937 - INFO - Saved chapter: 193_246第十一卷汉高帝七年前200.txt (1294 characters)
2025-06-15 12:35:05,938 - INFO - Saved chapter: 194_第十一卷汉高帝七年前20024.txt (210 characters)
2025-06-15 12:35:05,938 - INFO - Saved chapter: 195_汉纪四.txt (879 characters)
2025-06-15 12:35:05,939 - INFO - Saved chapter: 196_第十二卷汉高帝九年前198249.txt (1227 characters)
2025-06-15 12:35:05,940 - INFO - Saved chapter: 197_250第十二卷汉高帝九年前19.txt (1287 characters)
2025-06-15 12:35:05,941 - INFO - Saved chapter: 198_第十二卷汉高帝十年前197251.txt (1054 characters)
2025-06-15 12:35:05,942 - INFO - Saved chapter: 199_252第十二卷汉高帝十年前197.txt (1246 characters)
2025-06-15 12:35:05,943 - INFO - Saved chapter: 200_第十二卷汉高帝十年前197253.txt (1253 characters)
2025-06-15 12:35:05,944 - INFO - Saved chapter: 201_254第十二卷汉高帝十一年前196.txt (1261 characters)
2025-06-15 12:35:05,945 - INFO - Saved chapter: 202_第十二卷汉高帝十一年前19625.txt (1282 characters)
2025-06-15 12:35:05,945 - INFO - Saved chapter: 203_256第十二卷汉高帝十一年前.txt (1272 characters)
2025-06-15 12:35:05,946 - INFO - Saved chapter: 204_第十二卷汉高帝十一年前19625.txt (682 characters)
2025-06-15 12:35:05,947 - INFO - Saved chapter: 205_258第十二卷汉高帝十一年前196.txt (1378 characters)
2025-06-15 12:35:05,948 - INFO - Saved chapter: 206_第十二卷汉高帝十一年前19625.txt (1240 characters)
2025-06-15 12:35:05,949 - INFO - Saved chapter: 207_260第十二卷汉高帝十一年前.txt (1348 characters)
2025-06-15 12:35:05,950 - INFO - Saved chapter: 208_第十二卷汉高帝十一年前19626.txt (1301 characters)
2025-06-15 12:35:05,951 - INFO - Saved chapter: 209_262第十二卷汉高帝十二年前195.txt (1087 characters)
2025-06-15 12:35:05,952 - INFO - Saved chapter: 210_第十二卷汉高帝十二年前19526.txt (1148 characters)
2025-06-15 12:35:05,953 - INFO - Saved chapter: 211_264第十二卷汉高帝十二年前195.txt (1353 characters)
2025-06-15 12:35:05,953 - INFO - Saved chapter: 212_第十二卷汉高帝十二年前195.txt (1273 characters)
2025-06-15 12:35:05,954 - INFO - Saved chapter: 213_266第十二卷汉高帝十二年前195.txt (1308 characters)
2025-06-15 12:35:05,955 - INFO - Saved chapter: 214_第十二卷汉惠帝元年前19426.txt (1255 characters)
2025-06-15 12:35:05,957 - INFO - Saved chapter: 215_268第十二卷汉惠帝二年前193.txt (1059 characters)
2025-06-15 12:35:05,957 - INFO - Saved chapter: 216_第十二卷汉惠帝三年前192269.txt (1189 characters)
2025-06-15 12:35:05,958 - INFO - Saved chapter: 217_270第十二卷汉惠帝四年前191.txt (1120 characters)
2025-06-15 12:35:05,959 - INFO - Saved chapter: 218_第十二卷汉惠帝五年前1902.txt (1069 characters)
2025-06-15 12:35:05,960 - INFO - Saved chapter: 219_272第十二卷汉惠帝六年前189.txt (504 characters)
2025-06-15 12:35:05,961 - INFO - Created summary file: ming_history_txt_files\corpus_summary.txt
2025-06-15 12:35:05,961 - INFO - Successfully extracted corpus: 220 files created
2025-06-15 12:45:22,614 - INFO - Starting corpus extraction from: c:\Users\nguyenphong\Downloads\study master\NLP\06.Minh Sử_MinhNguyen\06.Minh Sử\白话资治通鉴01—周威烈王二十三年.至.汉惠帝七_djvu.txt
2025-06-15 12:45:22,617 - INFO - Read file: 383,925 characters
2025-06-15 12:45:22,619 - INFO - Extracted metadata: {'title': '白话资治通鉴', 'volume': '第01册', 'period': '周威烈王二十三年.至.汉惠帝七', 'editors': '', 'publisher': '中华书局出版', 'publication_date': '1993年3月第1版', 'source': '白话资治通鉴djvu扫描版'}
2025-06-15 12:45:22,640 - WARNING - Only found 0 main chapters, looking for simpler patterns
2025-06-15 12:45:22,650 - WARNING - Creating chapters based on content division as fallback
2025-06-15 12:45:22,651 - INFO - Extracted 12 chapters
2025-06-15 12:45:22,654 - INFO - Saved chapter: 1_01_周纪一.txt (8522 characters)
2025-06-15 12:45:22,656 - INFO - Saved chapter: 21_02_周纪二.txt (3295 characters)
2025-06-15 12:45:22,665 - INFO - Saved chapter: 41_03_周纪三.txt (23406 characters)
2025-06-15 12:45:22,670 - INFO - Saved chapter: 61_04_周纪四.txt (22747 characters)
2025-06-15 12:45:22,676 - INFO - Saved chapter: 81_05_周纪五.txt (21330 characters)
2025-06-15 12:45:22,683 - INFO - Saved chapter: 101_06_秦纪一.txt (22983 characters)
2025-06-15 12:45:22,683 - INFO - Saved chapter: 121_07_秦纪二.txt (22260 characters)
2025-06-15 12:45:22,695 - INFO - Saved chapter: 141_08_秦纪三.txt (24383 characters)
2025-06-15 12:45:22,695 - INFO - Saved chapter: 161_09_汉纪一.txt (3928 characters)
2025-06-15 12:45:22,701 - INFO - Saved chapter: 181_10_汉纪二.txt (10465 characters)
2025-06-15 12:45:22,705 - INFO - Saved chapter: 201_11_汉纪三.txt (20518 characters)
2025-06-15 12:45:22,708 - INFO - Saved chapter: 221_12_汉纪四.txt (15271 characters)
2025-06-15 12:45:22,709 - INFO - Created summary file: ming_history_txt_files\corpus_summary.txt
2025-06-15 12:45:22,710 - INFO - Successfully extracted corpus: 13 files created
